0 info it worked if it ends with ok
1 verbose cli [ 'D:\\Program Files\\nodejs\\node.exe',
1 verbose cli   'D:\\Program Files\\nodejs\\node_modules\\npm\\bin\\npm-cli.js',
1 verbose cli   'run',
1 verbose cli   'build' ]
2 info using npm@2.14.4
3 info using node@v4.1.2
4 verbose run-script [ 'prebuild', 'build', 'postbuild' ]
5 info prebuild powersvr-site@1.0.0
6 info build powersvr-site@1.0.0
7 verbose unsafe-perm in lifecycle true
8 info powersvr-site@1.0.0 Failed to exec build script
9 verbose stack Error: powersvr-site@1.0.0 build: `webpack -p`
9 verbose stack Exit status 2
9 verbose stack     at EventEmitter.<anonymous> (D:\Program Files\nodejs\node_modules\npm\lib\utils\lifecycle.js:214:16)
9 verbose stack     at emitTwo (events.js:87:13)
9 verbose stack     at EventEmitter.emit (events.js:172:7)
9 verbose stack     at ChildProcess.<anonymous> (D:\Program Files\nodejs\node_modules\npm\lib\utils\spawn.js:24:14)
9 verbose stack     at emitTwo (events.js:87:13)
9 verbose stack     at ChildProcess.emit (events.js:172:7)
9 verbose stack     at maybeClose (internal/child_process.js:818:16)
9 verbose stack     at Process.ChildProcess._handle.onexit (internal/child_process.js:211:5)
10 verbose pkgid powersvr-site@1.0.0
11 verbose cwd D:\kristian\PowersVR-site
12 error Windows_NT 10.0.15063
13 error argv "D:\\Program Files\\nodejs\\node.exe" "D:\\Program Files\\nodejs\\node_modules\\npm\\bin\\npm-cli.js" "run" "build"
14 error node v4.1.2
15 error npm  v2.14.4
16 error code ELIFECYCLE
17 error powersvr-site@1.0.0 build: `webpack -p`
17 error Exit status 2
18 error Failed at the powersvr-site@1.0.0 build script 'webpack -p'.
18 error This is most likely a problem with the powersvr-site package,
18 error not with npm itself.
18 error Tell the author that this fails on your system:
18 error     webpack -p
18 error You can get their info via:
18 error     npm owner ls powersvr-site
18 error There is likely additional logging output above.
19 verbose exit [ 1, true ]
